<?xml version="1.0" encoding="UTF-8"?>
<Site BuildName="(empty)"
	BuildStamp="20251105-0731-Experimental"
	Name="(empty)"
	Generator="ctest-3.28.3"
	CompilerName=""
	CompilerVersion=""
	OSName="Linux"
	Hostname="DESKTOP-FSKS99J"
	OSRelease="6.6.87.2-microsoft-standard-WSL2"
	OSVersion="#1 SMP PREEMPT_DYNAMIC Thu Jun  5 18:30:46 UTC 2025"
	OSPlatform="x86_64"
	Is64Bits="1"
	VendorString="AuthenticAMD"
	VendorID="Advanced Micro Devices"
	FamilyID="23"
	ModelID="17"
	ProcessorCacheSize="512"
	NumberOfLogicalCPU="8"
	NumberOfPhysicalCPU="4"
	TotalVirtualMemory="2048"
	TotalPhysicalMemory="7684"
	LogicalProcessorsPerPhysical="2"
	ProcessorClockFrequency="1996.25"
	>
	<Testing>
		<StartDateTime>Nov 05 10:12 CET</StartDateTime>
		<StartTestTime>1762333962</StartTestTime>
		<TestList/>
		<EndDateTime>Nov 05 10:12 CET</EndDateTime>
		<EndTestTime>1762333962</EndTestTime>
		<ElapsedMinutes>0</ElapsedMinutes>
	</Testing>
</Site>
