<?xml version="1.0" encoding="UTF-8"?>
<Site BuildName="(empty)"
	BuildStamp="20251027-1715-Experimental"
	Name="(empty)"
	Generator="ctest-3.28.3"
	CompilerName=""
	CompilerVersion=""
	OSName="Linux"
	Hostname="JulesPC"
	OSRelease="6.6.87.2-microsoft-standard-WSL2"
	OSVersion="#1 SMP PREEMPT_DYNAMIC Thu Jun  5 18:30:46 UTC 2025"
	OSPlatform="x86_64"
	Is64Bits="1"
	VendorString="GenuineIntel"
	VendorID="Intel Corporation"
	FamilyID="6"
	ModelID="183"
	ProcessorCacheSize="24576"
	NumberOfLogicalCPU="20"
	NumberOfPhysicalCPU="10"
	TotalVirtualMemory="4096"
	TotalPhysicalMemory="15915"
	LogicalProcessorsPerPhysical="2"
	ProcessorClockFrequency="3494.4"
	>
	<Testing>
		<StartDateTime>Oct 27 18:25 CET</StartDateTime>
		<StartTestTime>1761585925</StartTestTime>
		<TestList/>
		<EndDateTime>Oct 27 18:25 CET</EndDateTime>
		<EndTestTime>1761585925</EndTestTime>
		<ElapsedMinutes>0</ElapsedMinutes>
	</Testing>
</Site>
